mode: set
github.com/andrewwillette/willette_api/persistence/persistence.go:12.65,14.16 2 1
github.com/andrewwillette/willette_api/persistence/persistence.go:18.2,19.16 2 1
github.com/andrewwillette/willette_api/persistence/persistence.go:23.2,25.16 3 1
github.com/andrewwillette/willette_api/persistence/persistence.go:29.2,30.16 2 1
github.com/andrewwillette/willette_api/persistence/persistence.go:34.2,34.12 1 1
github.com/andrewwillette/willette_api/persistence/persistence.go:14.16,17.3 2 0
github.com/andrewwillette/willette_api/persistence/persistence.go:19.16,22.3 2 0
github.com/andrewwillette/willette_api/persistence/persistence.go:25.16,28.3 2 0
github.com/andrewwillette/willette_api/persistence/persistence.go:30.16,33.3 2 0
github.com/andrewwillette/willette_api/persistence/persistence.go:37.48,39.16 2 1
github.com/andrewwillette/willette_api/persistence/persistence.go:42.2,42.36 1 1
github.com/andrewwillette/willette_api/persistence/persistence.go:45.2,46.16 2 1
github.com/andrewwillette/willette_api/persistence/persistence.go:49.2,49.46 1 1
github.com/andrewwillette/willette_api/persistence/persistence.go:52.2,52.12 1 1
github.com/andrewwillette/willette_api/persistence/persistence.go:39.16,41.3 1 0
github.com/andrewwillette/willette_api/persistence/persistence.go:42.36,44.3 1 0
github.com/andrewwillette/willette_api/persistence/persistence.go:46.16,48.3 1 0
github.com/andrewwillette/willette_api/persistence/persistence.go:49.46,51.3 1 0
github.com/andrewwillette/willette_api/persistence/persistence.go:55.82,57.16 2 1
github.com/andrewwillette/willette_api/persistence/persistence.go:62.2,63.16 2 1
github.com/andrewwillette/willette_api/persistence/persistence.go:67.2,70.18 4 1
github.com/andrewwillette/willette_api/persistence/persistence.go:84.2,84.21 1 1
github.com/andrewwillette/willette_api/persistence/persistence.go:57.16,60.3 2 0
github.com/andrewwillette/willette_api/persistence/persistence.go:63.16,66.3 2 0
github.com/andrewwillette/willette_api/persistence/persistence.go:70.18,72.31 2 1
github.com/andrewwillette/willette_api/persistence/persistence.go:75.3,75.52 1 1
github.com/andrewwillette/willette_api/persistence/persistence.go:79.3,79.35 1 1
github.com/andrewwillette/willette_api/persistence/persistence.go:82.3,82.38 1 1
github.com/andrewwillette/willette_api/persistence/persistence.go:72.31,74.4 1 1
github.com/andrewwillette/willette_api/persistence/persistence.go:75.52,78.4 2 0
github.com/andrewwillette/willette_api/persistence/persistence.go:79.35,81.4 1 1
github.com/andrewwillette/willette_api/persistence/persistence.go:87.76,91.16 4 1
github.com/andrewwillette/willette_api/persistence/persistence.go:95.2,97.27 3 1
github.com/andrewwillette/willette_api/persistence/persistence.go:100.2,100.25 1 1
github.com/andrewwillette/willette_api/persistence/persistence.go:91.16,94.3 2 0
github.com/andrewwillette/willette_api/persistence/persistence.go:97.27,99.3 1 1
github.com/andrewwillette/willette_api/persistence/persistence.go:103.58,106.16 3 1
github.com/andrewwillette/willette_api/persistence/persistence.go:109.2,111.18 3 1
github.com/andrewwillette/willette_api/persistence/persistence.go:117.2,117.20 1 1
github.com/andrewwillette/willette_api/persistence/persistence.go:106.16,108.3 1 0
github.com/andrewwillette/willette_api/persistence/persistence.go:111.18,112.43 1 1
github.com/andrewwillette/willette_api/persistence/persistence.go:115.3,115.33 1 1
github.com/andrewwillette/willette_api/persistence/persistence.go:112.43,114.4 1 0
github.com/andrewwillette/willette_api/persistence/persistence.go:120.66,121.101 1 0
github.com/andrewwillette/willette_api/persistence/persistence.go:125.2,125.12 1 0
github.com/andrewwillette/willette_api/persistence/persistence.go:121.101,124.3 2 0
github.com/andrewwillette/willette_api/persistence/persistence.go:130.48,131.55 1 0
github.com/andrewwillette/willette_api/persistence/persistence.go:131.55,132.51 1 0
github.com/andrewwillette/willette_api/persistence/persistence.go:135.3,138.50 4 0
github.com/andrewwillette/willette_api/persistence/persistence.go:132.51,134.4 1 0
github.com/andrewwillette/willette_api/persistence/soundcloud.go:21.85,23.16 2 1
github.com/andrewwillette/willette_api/persistence/soundcloud.go:27.2,27.27 1 1
github.com/andrewwillette/willette_api/persistence/soundcloud.go:40.2,40.12 1 1
github.com/andrewwillette/willette_api/persistence/soundcloud.go:23.16,26.3 2 0
github.com/andrewwillette/willette_api/persistence/soundcloud.go:27.27,30.17 3 1
github.com/andrewwillette/willette_api/persistence/soundcloud.go:34.3,35.17 2 1
github.com/andrewwillette/willette_api/persistence/soundcloud.go:30.17,33.4 2 0
github.com/andrewwillette/willette_api/persistence/soundcloud.go:35.17,38.4 2 0
github.com/andrewwillette/willette_api/persistence/soundcloud.go:43.67,45.16 2 1
github.com/andrewwillette/willette_api/persistence/soundcloud.go:49.2,52.16 4 1
github.com/andrewwillette/willette_api/persistence/soundcloud.go:56.2,57.16 2 1
github.com/andrewwillette/willette_api/persistence/soundcloud.go:61.2,61.12 1 1
github.com/andrewwillette/willette_api/persistence/soundcloud.go:45.16,48.3 2 0
github.com/andrewwillette/willette_api/persistence/soundcloud.go:52.16,55.3 2 0
github.com/andrewwillette/willette_api/persistence/soundcloud.go:57.16,60.3 2 0
github.com/andrewwillette/willette_api/persistence/soundcloud.go:68.52,68.68 1 0
github.com/andrewwillette/willette_api/persistence/soundcloud.go:70.70,72.16 2 0
github.com/andrewwillette/willette_api/persistence/soundcloud.go:76.2,79.16 4 0
github.com/andrewwillette/willette_api/persistence/soundcloud.go:83.2,84.16 2 0
github.com/andrewwillette/willette_api/persistence/soundcloud.go:88.2,89.17 2 0
github.com/andrewwillette/willette_api/persistence/soundcloud.go:93.2,93.12 1 0
github.com/andrewwillette/willette_api/persistence/soundcloud.go:72.16,75.3 2 0
github.com/andrewwillette/willette_api/persistence/soundcloud.go:79.16,82.3 2 0
github.com/andrewwillette/willette_api/persistence/soundcloud.go:84.16,87.3 2 0
github.com/andrewwillette/willette_api/persistence/soundcloud.go:89.17,92.3 2 0
github.com/andrewwillette/willette_api/persistence/soundcloud.go:96.59,98.16 2 1
github.com/andrewwillette/willette_api/persistence/soundcloud.go:102.2,108.16 3 1
github.com/andrewwillette/willette_api/persistence/soundcloud.go:112.2,113.16 2 1
github.com/andrewwillette/willette_api/persistence/soundcloud.go:98.16,101.3 2 0
github.com/andrewwillette/willette_api/persistence/soundcloud.go:108.16,111.3 2 0
github.com/andrewwillette/willette_api/persistence/soundcloud.go:113.16,116.3 2 0
github.com/andrewwillette/willette_api/persistence/soundcloud.go:120.80,122.16 2 1
github.com/andrewwillette/willette_api/persistence/soundcloud.go:126.2,129.16 4 1
github.com/andrewwillette/willette_api/persistence/soundcloud.go:132.2,134.47 3 1
github.com/andrewwillette/willette_api/persistence/soundcloud.go:147.2,147.28 1 1
github.com/andrewwillette/willette_api/persistence/soundcloud.go:122.16,125.3 2 0
github.com/andrewwillette/willette_api/persistence/soundcloud.go:129.16,131.3 1 0
github.com/andrewwillette/willette_api/persistence/soundcloud.go:134.47,136.26 2 1
github.com/andrewwillette/willette_api/persistence/soundcloud.go:139.3,139.25 1 1
github.com/andrewwillette/willette_api/persistence/soundcloud.go:142.3,142.30 1 1
github.com/andrewwillette/willette_api/persistence/soundcloud.go:145.3,145.57 1 1
github.com/andrewwillette/willette_api/persistence/soundcloud.go:136.26,138.4 1 1
github.com/andrewwillette/willette_api/persistence/soundcloud.go:139.25,141.4 1 1
github.com/andrewwillette/willette_api/persistence/soundcloud.go:142.30,144.4 1 1
github.com/andrewwillette/willette_api/persistence/users.go:21.41,23.16 2 1
github.com/andrewwillette/willette_api/persistence/users.go:26.2,33.16 4 1
github.com/andrewwillette/willette_api/persistence/users.go:36.2,37.16 2 1
github.com/andrewwillette/willette_api/persistence/users.go:23.16,25.3 1 0
github.com/andrewwillette/willette_api/persistence/users.go:33.16,35.3 1 0
github.com/andrewwillette/willette_api/persistence/users.go:37.16,39.3 1 0
github.com/andrewwillette/willette_api/persistence/users.go:42.64,44.16 2 1
github.com/andrewwillette/willette_api/persistence/users.go:48.2,51.16 3 1
github.com/andrewwillette/willette_api/persistence/users.go:55.2,56.16 2 1
github.com/andrewwillette/willette_api/persistence/users.go:60.2,60.12 1 1
github.com/andrewwillette/willette_api/persistence/users.go:44.16,47.3 2 0
github.com/andrewwillette/willette_api/persistence/users.go:51.16,54.3 2 0
github.com/andrewwillette/willette_api/persistence/users.go:56.16,59.3 2 0
github.com/andrewwillette/willette_api/persistence/users.go:64.85,66.16 2 1
github.com/andrewwillette/willette_api/persistence/users.go:70.2,74.16 4 1
github.com/andrewwillette/willette_api/persistence/users.go:78.2,79.16 2 1
github.com/andrewwillette/willette_api/persistence/users.go:66.16,69.3 2 0
github.com/andrewwillette/willette_api/persistence/users.go:74.16,77.3 2 0
github.com/andrewwillette/willette_api/persistence/users.go:79.16,82.3 2 0
github.com/andrewwillette/willette_api/persistence/users.go:85.53,87.16 2 1
github.com/andrewwillette/willette_api/persistence/users.go:91.2,93.16 3 1
github.com/andrewwillette/willette_api/persistence/users.go:97.2,98.16 2 1
github.com/andrewwillette/willette_api/persistence/users.go:102.2,105.18 4 1
github.com/andrewwillette/willette_api/persistence/users.go:114.2,114.19 1 1
github.com/andrewwillette/willette_api/persistence/users.go:87.16,90.3 2 0
github.com/andrewwillette/willette_api/persistence/users.go:93.16,96.3 2 0
github.com/andrewwillette/willette_api/persistence/users.go:98.16,101.3 2 0
github.com/andrewwillette/willette_api/persistence/users.go:105.18,107.17 2 1
github.com/andrewwillette/willette_api/persistence/users.go:111.3,112.30 2 1
github.com/andrewwillette/willette_api/persistence/users.go:107.17,109.12 2 0
github.com/andrewwillette/willette_api/persistence/users.go:117.72,119.16 2 1
github.com/andrewwillette/willette_api/persistence/users.go:123.2,126.16 4 1
github.com/andrewwillette/willette_api/persistence/users.go:130.2,133.16 4 1
github.com/andrewwillette/willette_api/persistence/users.go:137.2,137.18 1 1
github.com/andrewwillette/willette_api/persistence/users.go:119.16,122.3 2 0
github.com/andrewwillette/willette_api/persistence/users.go:126.16,129.3 2 0
github.com/andrewwillette/willette_api/persistence/users.go:133.16,136.3 2 0
github.com/andrewwillette/willette_api/persistence/users.go:141.51,143.16 2 1
github.com/andrewwillette/willette_api/persistence/users.go:147.2,150.16 4 1
github.com/andrewwillette/willette_api/persistence/users.go:154.2,155.16 2 1
github.com/andrewwillette/willette_api/persistence/users.go:159.2,161.18 3 1
github.com/andrewwillette/willette_api/persistence/users.go:169.2,169.20 1 1
github.com/andrewwillette/willette_api/persistence/users.go:143.16,146.3 2 0
github.com/andrewwillette/willette_api/persistence/users.go:150.16,153.3 2 0
github.com/andrewwillette/willette_api/persistence/users.go:155.16,158.3 2 0
github.com/andrewwillette/willette_api/persistence/users.go:161.18,163.17 2 1
github.com/andrewwillette/willette_api/persistence/users.go:167.3,167.8 1 1
github.com/andrewwillette/willette_api/persistence/users.go:163.17,166.4 2 0
github.com/andrewwillette/willette_api/persistence/users.go:169.20,171.3 1 1
github.com/andrewwillette/willette_api/persistence/users.go:171.8,173.3 1 0
github.com/andrewwillette/willette_api/persistence/users.go:176.89,179.16 3 0
github.com/andrewwillette/willette_api/persistence/users.go:179.16,183.3 3 0
github.com/andrewwillette/willette_api/persistence/users.go:183.8,185.3 1 0
github.com/andrewwillette/willette_api/persistence/users.go:188.59,190.16 2 1
github.com/andrewwillette/willette_api/persistence/users.go:194.2,197.16 4 1
github.com/andrewwillette/willette_api/persistence/users.go:201.2,202.16 2 1
github.com/andrewwillette/willette_api/persistence/users.go:206.2,208.18 3 1
github.com/andrewwillette/willette_api/persistence/users.go:216.2,216.20 1 1
github.com/andrewwillette/willette_api/persistence/users.go:190.16,193.3 2 0
github.com/andrewwillette/willette_api/persistence/users.go:197.16,200.3 2 0
github.com/andrewwillette/willette_api/persistence/users.go:202.16,205.3 2 0
github.com/andrewwillette/willette_api/persistence/users.go:208.18,210.17 2 1
github.com/andrewwillette/willette_api/persistence/users.go:214.3,214.8 1 1
github.com/andrewwillette/willette_api/persistence/users.go:210.17,213.4 2 0
github.com/andrewwillette/willette_api/persistence/users.go:216.20,218.3 1 1
github.com/andrewwillette/willette_api/persistence/users.go:218.8,220.3 1 0
github.com/andrewwillette/willette_api/persistence/keygen.go:11.35,13.16 2 1
github.com/andrewwillette/willette_api/persistence/keygen.go:16.2,21.30 5 1
github.com/andrewwillette/willette_api/persistence/keygen.go:13.16,15.3 1 1
github.com/andrewwillette/willette_api/persistence/keygen.go:27.33,29.19 2 1
github.com/andrewwillette/willette_api/persistence/keygen.go:32.2,32.18 1 1
github.com/andrewwillette/willette_api/persistence/keygen.go:29.19,31.3 1 1
github.com/andrewwillette/willette_api/server/server.go:26.20,36.2 7 0
github.com/andrewwillette/willette_api/server/server.go:56.102,61.2 1 1
github.com/andrewwillette/willette_api/server/server.go:63.45,70.16 3 1
github.com/andrewwillette/willette_api/server/server.go:73.2,73.12 1 1
github.com/andrewwillette/willette_api/server/server.go:70.16,72.3 1 0
github.com/andrewwillette/willette_api/server/server.go:77.48,87.2 9 1
github.com/andrewwillette/willette_api/server/server.go:89.66,93.16 4 1
github.com/andrewwillette/willette_api/server/server.go:98.2,99.27 2 1
github.com/andrewwillette/willette_api/server/server.go:103.2,104.61 2 1
github.com/andrewwillette/willette_api/server/server.go:93.16,97.3 3 1
github.com/andrewwillette/willette_api/server/server.go:99.27,101.3 1 1
github.com/andrewwillette/willette_api/server/server.go:107.62,109.37 2 1
github.com/andrewwillette/willette_api/server/server.go:113.2,114.82 2 1
github.com/andrewwillette/willette_api/server/server.go:119.2,119.73 1 1
github.com/andrewwillette/willette_api/server/server.go:109.37,111.3 1 0
github.com/andrewwillette/willette_api/server/server.go:114.82,118.3 3 0
github.com/andrewwillette/willette_api/server/server.go:119.73,122.17 3 1
github.com/andrewwillette/willette_api/server/server.go:127.3,128.69 2 1
github.com/andrewwillette/willette_api/server/server.go:122.17,126.4 3 0
github.com/andrewwillette/willette_api/server/server.go:129.8,133.3 3 0
github.com/andrewwillette/willette_api/server/server.go:136.65,137.37 1 0
github.com/andrewwillette/willette_api/server/server.go:140.2,141.82 2 0
github.com/andrewwillette/willette_api/server/server.go:146.2,146.73 1 0
github.com/andrewwillette/willette_api/server/server.go:137.37,139.3 1 0
github.com/andrewwillette/willette_api/server/server.go:141.82,145.3 3 0
github.com/andrewwillette/willette_api/server/server.go:146.73,148.17 2 0
github.com/andrewwillette/willette_api/server/server.go:160.3,161.72 2 0
github.com/andrewwillette/willette_api/server/server.go:148.17,149.22 1 0
github.com/andrewwillette/willette_api/server/server.go:150.48,153.51 3 0
github.com/andrewwillette/willette_api/server/server.go:154.12,157.60 3 0
github.com/andrewwillette/willette_api/server/server.go:162.8,166.3 3 0
github.com/andrewwillette/willette_api/server/server.go:169.73,170.37 1 0
github.com/andrewwillette/willette_api/server/server.go:173.2,174.72 2 0
github.com/andrewwillette/willette_api/server/server.go:179.2,180.25 2 0
github.com/andrewwillette/willette_api/server/server.go:183.2,183.89 1 0
github.com/andrewwillette/willette_api/server/server.go:188.2,188.77 1 0
github.com/andrewwillette/willette_api/server/server.go:170.37,172.3 1 0
github.com/andrewwillette/willette_api/server/server.go:174.72,178.3 3 0
github.com/andrewwillette/willette_api/server/server.go:180.25,182.3 1 0
github.com/andrewwillette/willette_api/server/server.go:183.89,187.3 3 0
github.com/andrewwillette/willette_api/server/server.go:191.58,193.37 2 1
github.com/andrewwillette/willette_api/server/server.go:196.2,197.83 2 1
github.com/andrewwillette/willette_api/server/server.go:203.2,208.21 5 1
github.com/andrewwillette/willette_api/server/server.go:193.37,195.3 1 0
github.com/andrewwillette/willette_api/server/server.go:197.83,202.3 3 0
github.com/andrewwillette/willette_api/server/server.go:208.21,209.73 1 1
github.com/andrewwillette/willette_api/server/server.go:214.3,215.37 2 1
github.com/andrewwillette/willette_api/server/server.go:209.73,213.4 3 0
github.com/andrewwillette/willette_api/server/server.go:216.8,219.3 2 1
